Error reading from File
/home/pat/Wiki/wiki/Utils.txt (No such file or directory)
java.io.FileInputStream.open(Native Method)
	java.io.FileInputStream.<init>(FileInputStream.java:106)
	java.io.FileReader.<init>(FileReader.java:55)
	com.plafond.jwiki.JWiki.readFile(JWiki.java:258)
	com.plafond.jwiki.JWiki.generateHTML(JWiki.java:242)
	com.plafond.jwiki.JWiki.convertBasedOnProtocol(JWiki.java:59)
	com.plafond.jwiki.JWiki.convertBaseOnProtocol(JWiki.java:49)
	com.plafond.jwiki.JWiki.access$0(JWiki.java:45)
	com.plafond.jwiki.JWiki$1.hyperlinkUpdate(JWiki.java:118)
	javax.swing.JEditorPane.fireHyperlinkUpdate(JEditorPane.java:326)
	javax.swing.text.html.HTMLEditorKit$LinkController.activateLink(HTMLEditorKit.java:838)
	javax.swing.text.html.HTMLEditorKit$LinkController.mouseClicked(HTMLEditorKit.java:648)
	java.awt.AWTEventMulticaster.mouseClicked(AWTEventMulticaster.java:253)
	java.awt.Component.processMouseEvent(Component.java:6292)
	javax.swing.JComponent.processMouseEvent(JComponent.java:3267)
	java.awt.Component.processEvent(Component.java:6054)
	java.awt.Container.processEvent(Container.java:2041)
	java.awt.Component.dispatchEventImpl(Component.java:4652)
	java.awt.Container.dispatchEventImpl(Container.java:2099)
	java.awt.Component.dispatchEvent(Component.java:4482)
	java.awt.LightweightDispatcher.retargetMouseEvent(Container.java:4577)
	java.awt.LightweightDispatcher.processMouseEvent(Container.java:4247)
	java.awt.LightweightDispatcher.dispatchEvent(Container.java:4168)
	java.awt.Container.dispatchEventImpl(Container.java:2085)
	java.awt.Window.dispatchEventImpl(Window.java:2478)
	java.awt.Component.dispatchEvent(Component.java:4482)
	java.awt.EventQueue.dispatchEventImpl(EventQueue.java:644)
	java.awt.EventQueue.access$000(EventQueue.java:85)
	java.awt.EventQueue$1.run(EventQueue.java:603)
	java.awt.EventQueue$1.run(EventQueue.java:601)
	java.security.AccessController.doPrivileged(Native Method)
	java.security.AccessControlContext$1.doIntersectionPrivilege(AccessControlContext.java:87)
	java.security.AccessControlContext$1.doIntersectionPrivilege(AccessControlContext.java:98)
	java.awt.EventQueue$2.run(EventQueue.java:617)
	java.awt.EventQueue$2.run(EventQueue.java:615)
	java.security.AccessController.doPrivileged(Native Method)
	java.security.AccessControlContext$1.doIntersectionPrivilege(AccessControlContext.java:87)
	java.awt.EventQueue.dispatchEvent(EventQueue.java:614)
	java.awt.EventDispatchThread.pumpOneEventForFilters(EventDispatchThread.java:269)
	java.awt.EventDispatchThread.pumpEventsForFilter(EventDispatchThread.java:184)
	java.awt.EventDispatchThread.pumpEventsForHierarchy(EventDispatchThread.java:174)
	java.awt.EventDispatchThread.pumpEvents(EventDispatchThread.java:169)
	java.awt.EventDispatchThread.pumpEvents(EventDispatchThread.java:161)
	java.awt.EventDispatchThread.run(EventDispatchThread.java:122)
	
Error closing dis/fis connections of dictionary reader
null
com.plafond.jwiki.JWiki.readFile(JWiki.java:269)
	com.plafond.jwiki.JWiki.generateHTML(JWiki.java:242)
	com.plafond.jwiki.JWiki.convertBasedOnProtocol(JWiki.java:59)
	com.plafond.jwiki.JWiki.convertBaseOnProtocol(JWiki.java:49)
	com.plafond.jwiki.JWiki.access$0(JWiki.java:45)
	com.plafond.jwiki.JWiki$1.hyperlinkUpdate(JWiki.java:118)
	javax.swing.JEditorPane.fireHyperlinkUpdate(JEditorPane.java:326)
	javax.swing.text.html.HTMLEditorKit$LinkController.activateLink(HTMLEditorKit.java:838)
	javax.swing.text.html.HTMLEditorKit$LinkController.mouseClicked(HTMLEditorKit.java:648)
	java.awt.AWTEventMulticaster.mouseClicked(AWTEventMulticaster.java:253)
	java.awt.Component.processMouseEvent(Component.java:6292)
	javax.swing.JComponent.processMouseEvent(JComponent.java:3267)
	java.awt.Component.processEvent(Component.java:6054)
	java.awt.Container.processEvent(Container.java:2041)
	java.awt.Component.dispatchEventImpl(Component.java:4652)
	java.awt.Container.dispatchEventImpl(Container.java:2099)
	java.awt.Component.dispatchEvent(Component.java:4482)
	java.awt.LightweightDispatcher.retargetMouseEvent(Container.java:4577)
	java.awt.LightweightDispatcher.processMouseEvent(Container.java:4247)
	java.awt.LightweightDispatcher.dispatchEvent(Container.java:4168)
	java.awt.Container.dispatchEventImpl(Container.java:2085)
	java.awt.Window.dispatchEventImpl(Window.java:2478)
	java.awt.Component.dispatchEvent(Component.java:4482)
	java.awt.EventQueue.dispatchEventImpl(EventQueue.java:644)
	java.awt.EventQueue.access$000(EventQueue.java:85)
	java.awt.EventQueue$1.run(EventQueue.java:603)
	java.awt.EventQueue$1.run(EventQueue.java:601)
	java.security.AccessController.doPrivileged(Native Method)
	java.security.AccessControlContext$1.doIntersectionPrivilege(AccessControlContext.java:87)
	java.security.AccessControlContext$1.doIntersectionPrivilege(AccessControlContext.java:98)
	java.awt.EventQueue$2.run(EventQueue.java:617)
	java.awt.EventQueue$2.run(EventQueue.java:615)
	java.security.AccessController.doPrivileged(Native Method)
	java.security.AccessControlContext$1.doIntersectionPrivilege(AccessControlContext.java:87)
	java.awt.EventQueue.dispatchEvent(EventQueue.java:614)
	java.awt.EventDispatchThread.pumpOneEventForFilters(EventDispatchThread.java:269)
	java.awt.EventDispatchThread.pumpEventsForFilter(EventDispatchThread.java:184)
	java.awt.EventDispatchThread.pumpEventsForHierarchy(EventDispatchThread.java:174)
	java.awt.EventDispatchThread.pumpEvents(EventDispatchThread.java:169)
	java.awt.EventDispatchThread.pumpEvents(EventDispatchThread.java:161)
	java.awt.EventDispatchThread.run(EventDispatchThread.java:122)
	
Error reading from File
/home/pat/Wiki/wiki/Utils.txt (No such file or directory)
java.io.FileInputStream.open(Native Method)
	java.io.FileInputStream.<init>(FileInputStream.java:106)
	java.io.FileReader.<init>(FileReader.java:55)
	com.plafond.jwiki.JWiki.readFile(JWiki.java:258)
	com.plafond.jwiki.JWiki.generateHTML(JWiki.java:242)
	com.plafond.jwiki.JWiki.convertBasedOnProtocol(JWiki.java:59)
	com.plafond.jwiki.JWiki.access$1(JWiki.java:52)
	com.plafond.jwiki.JWiki$2.actionPerformed(JWiki.java:137)
	javax.swing.AbstractButton.fireActionPerformed(AbstractButton.java:1995)
	javax.swing.AbstractButton$Handler.actionPerformed(AbstractButton.java:2318)
	javax.swing.DefaultButtonModel.fireActionPerformed(DefaultButtonModel.java:387)
	javax.swing.DefaultButtonModel.setPressed(DefaultButtonModel.java:242)
	javax.swing.plaf.basic.BasicButtonListener.mouseReleased(BasicButtonListener.java:236)
	java.awt.Component.processMouseEvent(Component.java:6289)
	javax.swing.JComponent.processMouseEvent(JComponent.java:3267)
	java.awt.Component.processEvent(Component.java:6054)
	java.awt.Container.processEvent(Container.java:2041)
	java.awt.Component.dispatchEventImpl(Component.java:4652)
	java.awt.Container.dispatchEventImpl(Container.java:2099)
	java.awt.Component.dispatchEvent(Component.java:4482)
	java.awt.LightweightDispatcher.retargetMouseEvent(Container.java:4577)
	java.awt.LightweightDispatcher.processMouseEvent(Container.java:4238)
	java.awt.LightweightDispatcher.dispatchEvent(Container.java:4168)
	java.awt.Container.dispatchEventImpl(Container.java:2085)
	java.awt.Window.dispatchEventImpl(Window.java:2478)
	java.awt.Component.dispatchEvent(Component.java:4482)
	java.awt.EventQueue.dispatchEventImpl(EventQueue.java:644)
	java.awt.EventQueue.access$000(EventQueue.java:85)
	java.awt.EventQueue$1.run(EventQueue.java:603)
	java.awt.EventQueue$1.run(EventQueue.java:601)
	java.security.AccessController.doPrivileged(Native Method)
	java.security.AccessControlContext$1.doIntersectionPrivilege(AccessControlContext.java:87)
	java.security.AccessControlContext$1.doIntersectionPrivilege(AccessControlContext.java:98)
	java.awt.EventQueue$2.run(EventQueue.java:617)
	java.awt.EventQueue$2.run(EventQueue.java:615)
	java.security.AccessController.doPrivileged(Native Method)
	java.security.AccessControlContext$1.doIntersectionPrivilege(AccessControlContext.java:87)
	java.awt.EventQueue.dispatchEvent(EventQueue.java:614)
	java.awt.EventDispatchThread.pumpOneEventForFilters(EventDispatchThread.java:269)
	java.awt.EventDispatchThread.pumpEventsForFilter(EventDispatchThread.java:184)
	java.awt.EventDispatchThread.pumpEventsForHierarchy(EventDispatchThread.java:174)
	java.awt.EventDispatchThread.pumpEvents(EventDispatchThread.java:169)
	java.awt.EventDispatchThread.pumpEvents(EventDispatchThread.java:161)
	java.awt.EventDispatchThread.run(EventDispatchThread.java:122)
	
Error closing dis/fis connections of dictionary reader
null
com.plafond.jwiki.JWiki.readFile(JWiki.java:269)
	com.plafond.jwiki.JWiki.generateHTML(JWiki.java:242)
	com.plafond.jwiki.JWiki.convertBasedOnProtocol(JWiki.java:59)
	com.plafond.jwiki.JWiki.access$1(JWiki.java:52)
	com.plafond.jwiki.JWiki$2.actionPerformed(JWiki.java:137)
	javax.swing.AbstractButton.fireActionPerformed(AbstractButton.java:1995)
	javax.swing.AbstractButton$Handler.actionPerformed(AbstractButton.java:2318)
	javax.swing.DefaultButtonModel.fireActionPerformed(DefaultButtonModel.java:387)
	javax.swing.DefaultButtonModel.setPressed(DefaultButtonModel.java:242)
	javax.swing.plaf.basic.BasicButtonListener.mouseReleased(BasicButtonListener.java:236)
	java.awt.Component.processMouseEvent(Component.java:6289)
	javax.swing.JComponent.processMouseEvent(JComponent.java:3267)
	java.awt.Component.processEvent(Component.java:6054)
	java.awt.Container.processEvent(Container.java:2041)
	java.awt.Component.dispatchEventImpl(Component.java:4652)
	java.awt.Container.dispatchEventImpl(Container.java:2099)
	java.awt.Component.dispatchEvent(Component.java:4482)
	java.awt.LightweightDispatcher.retargetMouseEvent(Container.java:4577)
	java.awt.LightweightDispatcher.processMouseEvent(Container.java:4238)
	java.awt.LightweightDispatcher.dispatchEvent(Container.java:4168)
	java.awt.Container.dispatchEventImpl(Container.java:2085)
	java.awt.Window.dispatchEventImpl(Window.java:2478)
	java.awt.Component.dispatchEvent(Component.java:4482)
	java.awt.EventQueue.dispatchEventImpl(EventQueue.java:644)
	java.awt.EventQueue.access$000(EventQueue.java:85)
	java.awt.EventQueue$1.run(EventQueue.java:603)
	java.awt.EventQueue$1.run(EventQueue.java:601)
	java.security.AccessController.doPrivileged(Native Method)
	java.security.AccessControlContext$1.doIntersectionPrivilege(AccessControlContext.java:87)
	java.security.AccessControlContext$1.doIntersectionPrivilege(AccessControlContext.java:98)
	java.awt.EventQueue$2.run(EventQueue.java:617)
	java.awt.EventQueue$2.run(EventQueue.java:615)
	java.security.AccessController.doPrivileged(Native Method)
	java.security.AccessControlContext$1.doIntersectionPrivilege(AccessControlContext.java:87)
	java.awt.EventQueue.dispatchEvent(EventQueue.java:614)
	java.awt.EventDispatchThread.pumpOneEventForFilters(EventDispatchThread.java:269)
	java.awt.EventDispatchThread.pumpEventsForFilter(EventDispatchThread.java:184)
	java.awt.EventDispatchThread.pumpEventsForHierarchy(EventDispatchThread.java:174)
	java.awt.EventDispatchThread.pumpEvents(EventDispatchThread.java:169)
	java.awt.EventDispatchThread.pumpEvents(EventDispatchThread.java:161)
	java.awt.EventDispatchThread.run(EventDispatchThread.java:122)
	
